{"/Users/himanshubhardwaz/SaaSLabs/justcall-sdk/src/dialer/index.ts": {"path":"/Users/himanshubhardwaz/SaaSLabs/justcall-sdk/src/dialer/index.ts","statementMap":{"0":{"start":{"line":21,"column":42},"end":{"line":21,"column":null}},"1":{"start":{"line":22,"column":51},"end":{"line":22,"column":null}},"2":{"start":{"line":23,"column":70},"end":{"line":23,"column":null}},"3":{"start":{"line":25,"column":66},"end":{"line":25,"column":null}},"4":{"start":{"line":30,"column":41},"end":{"line":30,"column":null}},"5":{"start":{"line":31,"column":43},"end":{"line":31,"column":null}},"6":{"start":{"line":32,"column":49},"end":{"line":32,"column":null}},"7":{"start":{"line":34,"column":25},"end":{"line":34,"column":null}},"8":{"start":{"line":37,"column":4},"end":{"line":60,"column":null}},"9":{"start":{"line":38,"column":6},"end":{"line":40,"column":null}},"10":{"start":{"line":39,"column":8},"end":{"line":39,"column":null}},"11":{"start":{"line":42,"column":76},"end":{"line":42,"column":null}},"12":{"start":{"line":43,"column":6},"end":{"line":43,"column":null}},"13":{"start":{"line":44,"column":6},"end":{"line":44,"column":null}},"14":{"start":{"line":45,"column":6},"end":{"line":45,"column":null}},"15":{"start":{"line":46,"column":6},"end":{"line":46,"column":null}},"16":{"start":{"line":48,"column":6},"end":{"line":51,"column":null}},"17":{"start":{"line":49,"column":8},"end":{"line":49,"column":null}},"18":{"start":{"line":50,"column":8},"end":{"line":50,"column":null}},"19":{"start":{"line":53,"column":6},"end":{"line":53,"column":null}},"20":{"start":{"line":54,"column":6},"end":{"line":54,"column":null}},"21":{"start":{"line":64,"column":4},"end":{"line":66,"column":null}},"22":{"start":{"line":65,"column":6},"end":{"line":65,"column":null}},"23":{"start":{"line":68,"column":4},"end":{"line":68,"column":null}},"24":{"start":{"line":70,"column":4},"end":{"line":72,"column":null}},"25":{"start":{"line":71,"column":6},"end":{"line":71,"column":null}},"26":{"start":{"line":74,"column":4},"end":{"line":74,"column":null}},"27":{"start":{"line":78,"column":4},"end":{"line":111,"column":null}},"28":{"start":{"line":79,"column":6},"end":{"line":79,"column":null}},"29":{"start":{"line":81,"column":6},"end":{"line":81,"column":null}},"30":{"start":{"line":83,"column":6},"end":{"line":87,"column":null}},"31":{"start":{"line":89,"column":6},"end":{"line":91,"column":null}},"32":{"start":{"line":93,"column":6},"end":{"line":93,"column":null}},"33":{"start":{"line":102,"column":6},"end":{"line":105,"column":null}},"34":{"start":{"line":115,"column":4},"end":{"line":128,"column":null}},"35":{"start":{"line":116,"column":6},"end":{"line":118,"column":null}},"36":{"start":{"line":117,"column":8},"end":{"line":117,"column":null}},"37":{"start":{"line":119,"column":6},"end":{"line":121,"column":null}},"38":{"start":{"line":120,"column":8},"end":{"line":120,"column":null}},"39":{"start":{"line":122,"column":6},"end":{"line":122,"column":null}},"40":{"start":{"line":132,"column":4},"end":{"line":139,"column":null}},"41":{"start":{"line":133,"column":6},"end":{"line":133,"column":null}},"42":{"start":{"line":143,"column":4},"end":{"line":150,"column":null}},"43":{"start":{"line":144,"column":6},"end":{"line":144,"column":null}},"44":{"start":{"line":154,"column":4},"end":{"line":165,"column":null}},"45":{"start":{"line":155,"column":6},"end":{"line":157,"column":null}},"46":{"start":{"line":156,"column":8},"end":{"line":156,"column":null}},"47":{"start":{"line":169,"column":4},"end":{"line":183,"column":null}},"48":{"start":{"line":170,"column":6},"end":{"line":172,"column":null}},"49":{"start":{"line":171,"column":8},"end":{"line":171,"column":null}},"50":{"start":{"line":192,"column":4},"end":{"line":213,"column":null}},"51":{"start":{"line":193,"column":6},"end":{"line":193,"column":null}},"52":{"start":{"line":195,"column":6},"end":{"line":198,"column":null}},"53":{"start":{"line":196,"column":8},"end":{"line":196,"column":null}},"54":{"start":{"line":197,"column":8},"end":{"line":197,"column":null}},"55":{"start":{"line":200,"column":6},"end":{"line":200,"column":null}},"56":{"start":{"line":201,"column":6},"end":{"line":201,"column":null}},"57":{"start":{"line":202,"column":6},"end":{"line":202,"column":null}},"58":{"start":{"line":203,"column":6},"end":{"line":203,"column":null}},"59":{"start":{"line":205,"column":6},"end":{"line":205,"column":null}},"60":{"start":{"line":206,"column":6},"end":{"line":206,"column":null}},"61":{"start":{"line":207,"column":6},"end":{"line":207,"column":null}}},"fnMap":{"0":{"name":"(anonymous_0)","decl":{"start":{"line":36,"column":9},"end":{"line":36,"column":21}},"loc":{"start":{"line":36,"column":53},"end":{"line":61,"column":null}}},"1":{"name":"(anonymous_1)","decl":{"start":{"line":48,"column":44},"end":{"line":48,"column":45}},"loc":{"start":{"line":48,"column":65},"end":{"line":51,"column":7}}},"2":{"name":"(anonymous_2)","decl":{"start":{"line":63,"column":10},"end":{"line":63,"column":17}},"loc":{"start":{"line":63,"column":17},"end":{"line":75,"column":null}}},"3":{"name":"(anonymous_3)","decl":{"start":{"line":77,"column":10},"end":{"line":77,"column":17}},"loc":{"start":{"line":77,"column":17},"end":{"line":112,"column":null}}},"4":{"name":"(anonymous_4)","decl":{"start":{"line":102,"column":34},"end":{"line":102,"column":40}},"loc":{"start":{"line":102,"column":40},"end":{"line":105,"column":null}}},"5":{"name":"(anonymous_5)","decl":{"start":{"line":114,"column":9},"end":{"line":114,"column":12}},"loc":{"start":{"line":114,"column":69},"end":{"line":129,"column":null}}},"6":{"name":"(anonymous_6)","decl":{"start":{"line":131,"column":9},"end":{"line":131,"column":21}},"loc":{"start":{"line":131,"column":58},"end":{"line":140,"column":null}}},"7":{"name":"(anonymous_7)","decl":{"start":{"line":142,"column":9},"end":{"line":142,"column":26}},"loc":{"start":{"line":142,"column":26},"end":{"line":151,"column":null}}},"8":{"name":"(anonymous_8)","decl":{"start":{"line":153,"column":9},"end":{"line":153,"column":20}},"loc":{"start":{"line":153,"column":36},"end":{"line":166,"column":null}}},"9":{"name":"(anonymous_9)","decl":{"start":{"line":168,"column":2},"end":{"line":168,"column":15}},"loc":{"start":{"line":168,"column":28},"end":{"line":184,"column":null}}},"10":{"name":"(anonymous_10)","decl":{"start":{"line":191,"column":9},"end":{"line":191,"column":19}},"loc":{"start":{"line":191,"column":19},"end":{"line":214,"column":null}}}},"branchMap":{"0":{"loc":{"start":{"line":38,"column":6},"end":{"line":40,"column":null}},"type":"if","locations":[{"start":{"line":38,"column":6},"end":{"line":40,"column":null}},{"start":{"line":38,"column":6},"end":{"line":40,"column":null}}]},"1":{"loc":{"start":{"line":42,"column":14},"end":{"line":42,"column":30}},"type":"default-arg","locations":[{"start":{"line":42,"column":24},"end":{"line":42,"column":30}}]},"2":{"loc":{"start":{"line":42,"column":30},"end":{"line":42,"column":47}},"type":"default-arg","locations":[{"start":{"line":42,"column":41},"end":{"line":42,"column":47}}]},"3":{"loc":{"start":{"line":42,"column":57},"end":{"line":42,"column":72}},"type":"default-arg","locations":[{"start":{"line":42,"column":67},"end":{"line":42,"column":72}}]},"4":{"loc":{"start":{"line":64,"column":4},"end":{"line":66,"column":null}},"type":"if","locations":[{"start":{"line":64,"column":4},"end":{"line":66,"column":null}},{"start":{"line":64,"column":4},"end":{"line":66,"column":null}}]},"5":{"loc":{"start":{"line":70,"column":4},"end":{"line":72,"column":null}},"type":"if","locations":[{"start":{"line":70,"column":4},"end":{"line":72,"column":null}},{"start":{"line":70,"column":4},"end":{"line":72,"column":null}}]},"6":{"loc":{"start":{"line":116,"column":6},"end":{"line":118,"column":null}},"type":"if","locations":[{"start":{"line":116,"column":6},"end":{"line":118,"column":null}},{"start":{"line":116,"column":6},"end":{"line":118,"column":null}}]},"7":{"loc":{"start":{"line":119,"column":6},"end":{"line":121,"column":null}},"type":"if","locations":[{"start":{"line":119,"column":6},"end":{"line":121,"column":null}},{"start":{"line":119,"column":6},"end":{"line":121,"column":null}}]},"8":{"loc":{"start":{"line":155,"column":6},"end":{"line":157,"column":null}},"type":"if","locations":[{"start":{"line":155,"column":6},"end":{"line":157,"column":null}},{"start":{"line":155,"column":6},"end":{"line":157,"column":null}}]},"9":{"loc":{"start":{"line":170,"column":6},"end":{"line":172,"column":null}},"type":"if","locations":[{"start":{"line":170,"column":6},"end":{"line":172,"column":null}},{"start":{"line":170,"column":6},"end":{"line":172,"column":null}}]},"10":{"loc":{"start":{"line":195,"column":6},"end":{"line":198,"column":null}},"type":"if","locations":[{"start":{"line":195,"column":6},"end":{"line":198,"column":null}},{"start":{"line":195,"column":6},"end":{"line":198,"column":null}}]},"11":{"loc":{"start":{"line":195,"column":10},"end":{"line":195,"column":61}},"type":"binary-expr","locations":[{"start":{"line":195,"column":10},"end":{"line":195,"column":31}},{"start":{"line":195,"column":31},"end":{"line":195,"column":61}}]}},"s":{"0":12,"1":12,"2":12,"3":12,"4":12,"5":12,"6":12,"7":12,"8":12,"9":12,"10":1,"11":11,"12":11,"13":11,"14":11,"15":11,"16":11,"17":11,"18":11,"19":11,"20":11,"21":11,"22":1,"23":10,"24":10,"25":2,"26":8,"27":8,"28":8,"29":8,"30":8,"31":8,"32":8,"33":8,"34":7,"35":7,"36":1,"37":6,"38":1,"39":5,"40":2,"41":2,"42":2,"43":2,"44":1,"45":1,"46":1,"47":1,"48":1,"49":1,"50":1,"51":1,"52":1,"53":1,"54":1,"55":1,"56":1,"57":1,"58":1,"59":1,"60":1,"61":1},"f":{"0":12,"1":11,"2":11,"3":8,"4":0,"5":7,"6":2,"7":2,"8":1,"9":1,"10":1},"b":{"0":[1,11],"1":[0],"2":[0],"3":[11],"4":[1,10],"5":[2,8],"6":[1,6],"7":[1,5],"8":[1,0],"9":[1,0],"10":[1,0],"11":[1,1]}}
,"/Users/himanshubhardwaz/SaaSLabs/justcall-sdk/src/dialer/justcall-client-event-emitter.ts": {"path":"/Users/himanshubhardwaz/SaaSLabs/justcall-sdk/src/dialer/justcall-client-event-emitter.ts","statementMap":{"0":{"start":{"line":16,"column":4},"end":{"line":16,"column":null}},"1":{"start":{"line":19,"column":21},"end":{"line":19,"column":null}},"2":{"start":{"line":21,"column":4},"end":{"line":23,"column":null}},"3":{"start":{"line":30,"column":4},"end":{"line":30,"column":null}},"4":{"start":{"line":34,"column":4},"end":{"line":36,"column":null}},"5":{"start":{"line":35,"column":6},"end":{"line":35,"column":null}},"6":{"start":{"line":36,"column":11},"end":{"line":36,"column":null}},"7":{"start":{"line":40,"column":4},"end":{"line":40,"column":null}},"8":{"start":{"line":48,"column":4},"end":{"line":52,"column":null}},"9":{"start":{"line":49,"column":6},"end":{"line":49,"column":null}},"10":{"start":{"line":49,"column":19},"end":{"line":49,"column":null}},"11":{"start":{"line":51,"column":6},"end":{"line":51,"column":null}},"12":{"start":{"line":51,"column":20},"end":{"line":51,"column":null}},"13":{"start":{"line":56,"column":4},"end":{"line":56,"column":null}},"14":{"start":{"line":60,"column":4},"end":{"line":60,"column":null}},"15":{"start":{"line":64,"column":4},"end":{"line":64,"column":null}}},"fnMap":{"0":{"name":"(anonymous_0)","decl":{"start":{"line":18,"column":10},"end":{"line":18,"column":15}},"loc":{"start":{"line":18,"column":60},"end":{"line":24,"column":null}}},"1":{"name":"(anonymous_1)","decl":{"start":{"line":26,"column":9},"end":{"line":26,"column":null}},"loc":{"start":{"line":29,"column":4},"end":{"line":31,"column":null}}},"2":{"name":"(anonymous_2)","decl":{"start":{"line":33,"column":9},"end":{"line":33,"column":36}},"loc":{"start":{"line":33,"column":73},"end":{"line":37,"column":null}}},"3":{"name":"(anonymous_3)","decl":{"start":{"line":39,"column":9},"end":{"line":39,"column":26}},"loc":{"start":{"line":39,"column":26},"end":{"line":41,"column":null}}},"4":{"name":"(anonymous_4)","decl":{"start":{"line":43,"column":9},"end":{"line":43,"column":null}},"loc":{"start":{"line":47,"column":10},"end":{"line":53,"column":null}}},"5":{"name":"(anonymous_5)","decl":{"start":{"line":55,"column":9},"end":{"line":55,"column":27}},"loc":{"start":{"line":55,"column":61},"end":{"line":57,"column":null}}},"6":{"name":"(anonymous_6)","decl":{"start":{"line":59,"column":9},"end":{"line":59,"column":28}},"loc":{"start":{"line":59,"column":63},"end":{"line":61,"column":null}}},"7":{"name":"(anonymous_7)","decl":{"start":{"line":63,"column":9},"end":{"line":63,"column":25}},"loc":{"start":{"line":63,"column":57},"end":{"line":65,"column":null}}}},"branchMap":{"0":{"loc":{"start":{"line":34,"column":4},"end":{"line":36,"column":null}},"type":"if","locations":[{"start":{"line":34,"column":4},"end":{"line":36,"column":null}},{"start":{"line":36,"column":11},"end":{"line":36,"column":null}}]},"1":{"loc":{"start":{"line":48,"column":4},"end":{"line":52,"column":null}},"type":"if","locations":[{"start":{"line":48,"column":4},"end":{"line":52,"column":null}},{"start":{"line":50,"column":11},"end":{"line":52,"column":null}}]},"2":{"loc":{"start":{"line":49,"column":6},"end":{"line":49,"column":null}},"type":"if","locations":[{"start":{"line":49,"column":6},"end":{"line":49,"column":null}},{"start":{"line":49,"column":6},"end":{"line":49,"column":null}}]},"3":{"loc":{"start":{"line":51,"column":6},"end":{"line":51,"column":null}},"type":"if","locations":[{"start":{"line":51,"column":6},"end":{"line":51,"column":null}},{"start":{"line":51,"column":6},"end":{"line":51,"column":null}}]}},"s":{"0":11,"1":3,"2":3,"3":5,"4":2,"5":1,"6":1,"7":2,"8":13,"9":6,"10":6,"11":7,"12":7,"13":1,"14":1,"15":1},"f":{"0":3,"1":5,"2":2,"3":2,"4":13,"5":1,"6":1,"7":1},"b":{"0":[1,1],"1":[6,7],"2":[6,0],"3":[7,0]}}
,"/Users/himanshubhardwaz/SaaSLabs/justcall-sdk/src/dialer/justcall-dialer-event-listener.ts": {"path":"/Users/himanshubhardwaz/SaaSLabs/justcall-sdk/src/dialer/justcall-dialer-event-listener.ts","statementMap":{"0":{"start":{"line":15,"column":42},"end":{"line":15,"column":null}},"1":{"start":{"line":16,"column":44},"end":{"line":16,"column":null}},"2":{"start":{"line":20,"column":6},"end":{"line":20,"column":null}},"3":{"start":{"line":31,"column":4},"end":{"line":31,"column":null}},"4":{"start":{"line":31,"column":17},"end":{"line":31,"column":null}},"5":{"start":{"line":32,"column":4},"end":{"line":32,"column":null}},"6":{"start":{"line":32,"column":18},"end":{"line":32,"column":null}},"7":{"start":{"line":33,"column":4},"end":{"line":33,"column":null}},"8":{"start":{"line":37,"column":4},"end":{"line":37,"column":null}},"9":{"start":{"line":47,"column":26},"end":{"line":96,"column":null}},"10":{"start":{"line":58,"column":49},"end":{"line":58,"column":null}},"11":{"start":{"line":60,"column":27},"end":{"line":60,"column":null}},"12":{"start":{"line":62,"column":4},"end":{"line":95,"column":null}},"13":{"start":{"line":64,"column":8},"end":{"line":68,"column":null}},"14":{"start":{"line":69,"column":8},"end":{"line":69,"column":null}},"15":{"start":{"line":71,"column":8},"end":{"line":73,"column":null}},"16":{"start":{"line":74,"column":8},"end":{"line":74,"column":null}},"17":{"start":{"line":76,"column":8},"end":{"line":78,"column":null}},"18":{"start":{"line":79,"column":8},"end":{"line":79,"column":null}},"19":{"start":{"line":81,"column":8},"end":{"line":83,"column":null}},"20":{"start":{"line":84,"column":8},"end":{"line":84,"column":null}}},"fnMap":{"0":{"name":"(anonymous_0)","decl":{"start":{"line":22,"column":2},"end":{"line":22,"column":14}},"loc":{"start":{"line":30,"column":5},"end":{"line":34,"column":null}}},"1":{"name":"(anonymous_1)","decl":{"start":{"line":36,"column":9},"end":{"line":36,"column":26}},"loc":{"start":{"line":36,"column":26},"end":{"line":38,"column":null}}},"2":{"name":"(anonymous_2)","decl":{"start":{"line":47,"column":26},"end":{"line":47,"column":null}},"loc":{"start":{"line":57,"column":13},"end":{"line":96,"column":null}}}},"branchMap":{"0":{"loc":{"start":{"line":31,"column":4},"end":{"line":31,"column":null}},"type":"if","locations":[{"start":{"line":31,"column":4},"end":{"line":31,"column":null}},{"start":{"line":31,"column":4},"end":{"line":31,"column":null}}]},"1":{"loc":{"start":{"line":32,"column":4},"end":{"line":32,"column":null}},"type":"if","locations":[{"start":{"line":32,"column":4},"end":{"line":32,"column":null}},{"start":{"line":32,"column":4},"end":{"line":32,"column":null}}]},"2":{"loc":{"start":{"line":62,"column":4},"end":{"line":95,"column":null}},"type":"switch","locations":[{"start":{"line":63,"column":6},"end":{"line":69,"column":null}},{"start":{"line":70,"column":6},"end":{"line":74,"column":null}},{"start":{"line":75,"column":6},"end":{"line":79,"column":null}},{"start":{"line":80,"column":6},"end":{"line":84,"column":null}},{"start":{"line":85,"column":6},"end":{"line":94,"column":null}}]}},"s":{"0":8,"1":8,"2":8,"3":8,"4":8,"5":8,"6":8,"7":8,"8":8,"9":8,"10":16,"11":16,"12":16,"13":13,"14":13,"15":1,"16":1,"17":1,"18":1,"19":1,"20":1},"f":{"0":8,"1":8,"2":16},"b":{"0":[8,0],"1":[8,0],"2":[13,1,1,1,0]}}
,"/Users/himanshubhardwaz/SaaSLabs/justcall-sdk/src/template/dialer-iframe.ts": {"path":"/Users/himanshubhardwaz/SaaSLabs/justcall-sdk/src/template/dialer-iframe.ts","statementMap":{"0":{"start":{"line":4,"column":24},"end":{"line":4,"column":null}},"1":{"start":{"line":6,"column":2},"end":{"line":6,"column":null}},"2":{"start":{"line":7,"column":2},"end":{"line":7,"column":null}},"3":{"start":{"line":8,"column":2},"end":{"line":8,"column":null}},"4":{"start":{"line":9,"column":2},"end":{"line":9,"column":null}},"5":{"start":{"line":11,"column":2},"end":{"line":11,"column":null}},"6":{"start":{"line":12,"column":2},"end":{"line":12,"column":null}},"7":{"start":{"line":13,"column":2},"end":{"line":13,"column":null}},"8":{"start":{"line":15,"column":2},"end":{"line":15,"column":null}}},"fnMap":{"0":{"name":"getJustcallDialerIframe","decl":{"start":{"line":3,"column":24},"end":{"line":3,"column":48}},"loc":{"start":{"line":3,"column":68},"end":{"line":16,"column":null}}}},"branchMap":{},"s":{"0":8,"1":8,"2":8,"3":8,"4":8,"5":8,"6":8,"7":8,"8":8},"f":{"0":8},"b":{}}
,"/Users/himanshubhardwaz/SaaSLabs/justcall-sdk/src/utils/contants.ts": {"path":"/Users/himanshubhardwaz/SaaSLabs/justcall-sdk/src/utils/contants.ts","statementMap":{"0":{"start":{"line":1,"column":45},"end":{"line":1,"column":null}},"1":{"start":{"line":2,"column":45},"end":{"line":2,"column":null}},"2":{"start":{"line":3,"column":26},"end":{"line":3,"column":null}},"3":{"start":{"line":5,"column":2},"end":{"line":5,"column":null}},"4":{"start":{"line":7,"column":36},"end":{"line":11,"column":null}},"5":{"start":{"line":13,"column":27},"end":{"line":17,"column":null}},"6":{"start":{"line":19,"column":26},"end":{"line":19,"column":null}},"7":{"start":{"line":21,"column":30},"end":{"line":21,"column":null}}},"fnMap":{},"branchMap":{},"s":{"0":2,"1":2,"2":2,"3":2,"4":2,"5":2,"6":2,"7":2},"f":{},"b":{}}
}
