<?xml version="1.0" encoding="UTF-8"?>
<coverage generated="1712830898880" clover="3.2.0">
  <project timestamp="1712830898880" name="All files">
    <metrics statements="54" coveredstatements="54" conditionals="10" coveredconditionals="10" methods="14" coveredmethods="14" elements="78" coveredelements="78" complexity="0" loc="54" ncloc="54" packages="2" files="4" classes="4"/>
    <package name="src">
      <metrics statements="4" coveredstatements="4" conditionals="0" coveredconditionals="0" methods="0" coveredmethods="0"/>
      <file name="contants.ts" path="/Users/himanshubhardwaz/SaaSLabs/justcall-sdk/src/contants.ts">
        <metrics statements="4" coveredstatements="4" conditionals="0" coveredconditionals="0" methods="0" coveredmethods="0"/>
        <line num="1" count="2" type="stmt"/>
        <line num="2" count="2" type="stmt"/>
        <line num="4" count="2" type="stmt"/>
        <line num="5" count="2" type="stmt"/>
      </file>
    </package>
    <package name="src.dialer">
      <metrics statements="50" coveredstatements="50" conditionals="10" coveredconditionals="10" methods="14" coveredmethods="14"/>
      <file name="index.ts" path="/Users/himanshubhardwaz/SaaSLabs/justcall-sdk/src/dialer/index.ts">
        <metrics statements="24" coveredstatements="24" conditionals="4" coveredconditionals="4" methods="4" coveredmethods="4"/>
        <line num="13" count="7" type="stmt"/>
        <line num="14" count="7" type="stmt"/>
        <line num="15" count="7" type="stmt"/>
        <line num="19" count="7" type="cond" truecount="2" falsecount="0"/>
        <line num="20" count="1" type="stmt"/>
        <line num="25" count="6" type="stmt"/>
        <line num="27" count="6" type="cond" truecount="2" falsecount="0"/>
        <line num="28" count="2" type="stmt"/>
        <line num="33" count="4" type="stmt"/>
        <line num="34" count="4" type="stmt"/>
        <line num="35" count="4" type="stmt"/>
        <line num="36" count="4" type="stmt"/>
        <line num="37" count="4" type="stmt"/>
        <line num="39" count="4" type="stmt"/>
        <line num="41" count="4" type="stmt"/>
        <line num="47" count="4" type="stmt"/>
        <line num="54" count="7" type="stmt"/>
        <line num="55" count="7" type="stmt"/>
        <line num="56" count="7" type="stmt"/>
        <line num="57" count="7" type="stmt"/>
        <line num="58" count="7" type="stmt"/>
        <line num="59" count="7" type="stmt"/>
        <line num="63" count="3" type="stmt"/>
        <line num="67" count="1" type="stmt"/>
      </file>
      <file name="justcall-client-event-emitter.ts" path="/Users/himanshubhardwaz/SaaSLabs/justcall-sdk/src/dialer/justcall-client-event-emitter.ts">
        <metrics statements="11" coveredstatements="11" conditionals="2" coveredconditionals="2" methods="7" coveredmethods="7"/>
        <line num="14" count="7" type="stmt"/>
        <line num="17" count="3" type="stmt"/>
        <line num="18" count="3" type="stmt"/>
        <line num="25" count="3" type="stmt"/>
        <line num="33" count="5" type="cond" truecount="2" falsecount="0"/>
        <line num="34" count="2" type="stmt"/>
        <line num="36" count="3" type="stmt"/>
        <line num="41" count="1" type="stmt"/>
        <line num="45" count="1" type="stmt"/>
        <line num="49" count="1" type="stmt"/>
        <line num="56" count="1" type="stmt"/>
      </file>
      <file name="justcall-dialer-event-listener.ts" path="/Users/himanshubhardwaz/SaaSLabs/justcall-sdk/src/dialer/justcall-dialer-event-listener.ts">
        <metrics statements="15" coveredstatements="15" conditionals="4" coveredconditionals="4" methods="3" coveredmethods="3"/>
        <line num="26" count="4" type="stmt"/>
        <line num="27" count="4" type="stmt"/>
        <line num="28" count="4" type="stmt"/>
        <line num="32" count="4" type="stmt"/>
        <line num="35" count="4" type="stmt"/>
        <line num="45" count="8" type="stmt"/>
        <line num="47" count="8" type="cond" truecount="4" falsecount="0"/>
        <line num="49" count="5" type="stmt"/>
        <line num="54" count="5" type="stmt"/>
        <line num="56" count="1" type="stmt"/>
        <line num="59" count="1" type="stmt"/>
        <line num="61" count="1" type="stmt"/>
        <line num="64" count="1" type="stmt"/>
        <line num="66" count="1" type="stmt"/>
        <line num="69" count="1" type="stmt"/>
      </file>
    </package>
  </project>
</coverage>
