{"/Users/himanshubhardwaz/SaaSLabs/justcall-sdk/src/dialer/index.ts": {"path":"/Users/himanshubhardwaz/SaaSLabs/justcall-sdk/src/dialer/index.ts","statementMap":{"0":{"start":{"line":19,"column":42},"end":{"line":19,"column":null}},"1":{"start":{"line":20,"column":51},"end":{"line":20,"column":null}},"2":{"start":{"line":21,"column":70},"end":{"line":21,"column":null}},"3":{"start":{"line":26,"column":4},"end":{"line":28,"column":null}},"4":{"start":{"line":27,"column":6},"end":{"line":27,"column":null}},"5":{"start":{"line":30,"column":4},"end":{"line":30,"column":null}},"6":{"start":{"line":32,"column":4},"end":{"line":34,"column":null}},"7":{"start":{"line":33,"column":6},"end":{"line":33,"column":null}},"8":{"start":{"line":36,"column":4},"end":{"line":36,"column":null}},"9":{"start":{"line":40,"column":4},"end":{"line":57,"column":null}},"10":{"start":{"line":41,"column":6},"end":{"line":41,"column":null}},"11":{"start":{"line":43,"column":6},"end":{"line":43,"column":null}},"12":{"start":{"line":45,"column":6},"end":{"line":49,"column":null}},"13":{"start":{"line":51,"column":6},"end":{"line":51,"column":null}},"14":{"start":{"line":64,"column":4},"end":{"line":76,"column":null}},"15":{"start":{"line":65,"column":46},"end":{"line":65,"column":null}},"16":{"start":{"line":66,"column":6},"end":{"line":66,"column":null}},"17":{"start":{"line":67,"column":6},"end":{"line":67,"column":null}},"18":{"start":{"line":68,"column":6},"end":{"line":68,"column":null}},"19":{"start":{"line":69,"column":6},"end":{"line":69,"column":null}},"20":{"start":{"line":70,"column":6},"end":{"line":70,"column":null}},"21":{"start":{"line":80,"column":4},"end":{"line":93,"column":null}},"22":{"start":{"line":81,"column":6},"end":{"line":83,"column":null}},"23":{"start":{"line":82,"column":8},"end":{"line":82,"column":null}},"24":{"start":{"line":84,"column":6},"end":{"line":86,"column":null}},"25":{"start":{"line":85,"column":8},"end":{"line":85,"column":null}},"26":{"start":{"line":87,"column":6},"end":{"line":87,"column":null}},"27":{"start":{"line":97,"column":4},"end":{"line":104,"column":null}},"28":{"start":{"line":98,"column":6},"end":{"line":98,"column":null}}},"fnMap":{"0":{"name":"(anonymous_0)","decl":{"start":{"line":25,"column":10},"end":{"line":25,"column":17}},"loc":{"start":{"line":25,"column":17},"end":{"line":37,"column":null}}},"1":{"name":"(anonymous_1)","decl":{"start":{"line":39,"column":10},"end":{"line":39,"column":17}},"loc":{"start":{"line":39,"column":17},"end":{"line":58,"column":null}}},"2":{"name":"(anonymous_2)","decl":{"start":{"line":63,"column":9},"end":{"line":63,"column":21}},"loc":{"start":{"line":63,"column":53},"end":{"line":77,"column":null}}},"3":{"name":"(anonymous_3)","decl":{"start":{"line":79,"column":9},"end":{"line":79,"column":12}},"loc":{"start":{"line":79,"column":69},"end":{"line":94,"column":null}}},"4":{"name":"(anonymous_4)","decl":{"start":{"line":96,"column":9},"end":{"line":96,"column":20}},"loc":{"start":{"line":96,"column":36},"end":{"line":105,"column":null}}}},"branchMap":{"0":{"loc":{"start":{"line":26,"column":4},"end":{"line":28,"column":null}},"type":"if","locations":[{"start":{"line":26,"column":4},"end":{"line":28,"column":null}},{"start":{"line":26,"column":4},"end":{"line":28,"column":null}}]},"1":{"loc":{"start":{"line":32,"column":4},"end":{"line":34,"column":null}},"type":"if","locations":[{"start":{"line":32,"column":4},"end":{"line":34,"column":null}},{"start":{"line":32,"column":4},"end":{"line":34,"column":null}}]},"2":{"loc":{"start":{"line":81,"column":6},"end":{"line":83,"column":null}},"type":"if","locations":[{"start":{"line":81,"column":6},"end":{"line":83,"column":null}},{"start":{"line":81,"column":6},"end":{"line":83,"column":null}}]},"3":{"loc":{"start":{"line":84,"column":6},"end":{"line":86,"column":null}},"type":"if","locations":[{"start":{"line":84,"column":6},"end":{"line":86,"column":null}},{"start":{"line":84,"column":6},"end":{"line":86,"column":null}}]}},"s":{"0":8,"1":8,"2":8,"3":8,"4":1,"5":7,"6":7,"7":2,"8":5,"9":5,"10":5,"11":5,"12":5,"13":5,"14":8,"15":8,"16":8,"17":8,"18":8,"19":8,"20":8,"21":5,"22":5,"23":1,"24":4,"25":1,"26":3,"27":1,"28":1},"f":{"0":8,"1":5,"2":8,"3":5,"4":1},"b":{"0":[1,7],"1":[2,5],"2":[1,4],"3":[1,3]}}
,"/Users/himanshubhardwaz/SaaSLabs/justcall-sdk/src/dialer/justcall-client-event-emitter.ts": {"path":"/Users/himanshubhardwaz/SaaSLabs/justcall-sdk/src/dialer/justcall-client-event-emitter.ts","statementMap":{"0":{"start":{"line":14,"column":4},"end":{"line":14,"column":null}},"1":{"start":{"line":17,"column":21},"end":{"line":17,"column":null}},"2":{"start":{"line":18,"column":4},"end":{"line":18,"column":null}},"3":{"start":{"line":25,"column":4},"end":{"line":25,"column":null}},"4":{"start":{"line":33,"column":4},"end":{"line":37,"column":null}},"5":{"start":{"line":34,"column":6},"end":{"line":34,"column":null}},"6":{"start":{"line":36,"column":6},"end":{"line":36,"column":null}},"7":{"start":{"line":41,"column":4},"end":{"line":41,"column":null}},"8":{"start":{"line":45,"column":4},"end":{"line":45,"column":null}},"9":{"start":{"line":49,"column":4},"end":{"line":49,"column":null}},"10":{"start":{"line":56,"column":4},"end":{"line":62,"column":null}}},"fnMap":{"0":{"name":"(anonymous_0)","decl":{"start":{"line":16,"column":10},"end":{"line":16,"column":15}},"loc":{"start":{"line":16,"column":60},"end":{"line":19,"column":null}}},"1":{"name":"(anonymous_1)","decl":{"start":{"line":21,"column":9},"end":{"line":21,"column":null}},"loc":{"start":{"line":24,"column":4},"end":{"line":26,"column":null}}},"2":{"name":"(anonymous_2)","decl":{"start":{"line":28,"column":9},"end":{"line":28,"column":null}},"loc":{"start":{"line":32,"column":10},"end":{"line":38,"column":null}}},"3":{"name":"(anonymous_3)","decl":{"start":{"line":40,"column":9},"end":{"line":40,"column":27}},"loc":{"start":{"line":40,"column":61},"end":{"line":42,"column":null}}},"4":{"name":"(anonymous_4)","decl":{"start":{"line":44,"column":9},"end":{"line":44,"column":28}},"loc":{"start":{"line":44,"column":63},"end":{"line":46,"column":null}}},"5":{"name":"(anonymous_5)","decl":{"start":{"line":48,"column":9},"end":{"line":48,"column":25}},"loc":{"start":{"line":48,"column":57},"end":{"line":50,"column":null}}},"6":{"name":"(anonymous_6)","decl":{"start":{"line":52,"column":9},"end":{"line":52,"column":null}},"loc":{"start":{"line":55,"column":10},"end":{"line":63,"column":null}}}},"branchMap":{"0":{"loc":{"start":{"line":33,"column":4},"end":{"line":37,"column":null}},"type":"if","locations":[{"start":{"line":33,"column":4},"end":{"line":37,"column":null}},{"start":{"line":35,"column":11},"end":{"line":37,"column":null}}]}},"s":{"0":8,"1":3,"2":3,"3":3,"4":7,"5":3,"6":4,"7":1,"8":1,"9":1,"10":1},"f":{"0":3,"1":3,"2":7,"3":1,"4":1,"5":1,"6":1},"b":{"0":[3,4]}}
,"/Users/himanshubhardwaz/SaaSLabs/justcall-sdk/src/dialer/justcall-dialer-event-listener.ts": {"path":"/Users/himanshubhardwaz/SaaSLabs/justcall-sdk/src/dialer/justcall-dialer-event-listener.ts","statementMap":{"0":{"start":{"line":26,"column":4},"end":{"line":26,"column":null}},"1":{"start":{"line":27,"column":4},"end":{"line":27,"column":null}},"2":{"start":{"line":28,"column":4},"end":{"line":28,"column":null}},"3":{"start":{"line":32,"column":4},"end":{"line":32,"column":null}},"4":{"start":{"line":35,"column":26},"end":{"line":71,"column":null}},"5":{"start":{"line":45,"column":49},"end":{"line":45,"column":null}},"6":{"start":{"line":47,"column":4},"end":{"line":70,"column":null}},"7":{"start":{"line":49,"column":8},"end":{"line":53,"column":null}},"8":{"start":{"line":54,"column":8},"end":{"line":54,"column":null}},"9":{"start":{"line":56,"column":8},"end":{"line":58,"column":null}},"10":{"start":{"line":59,"column":8},"end":{"line":59,"column":null}},"11":{"start":{"line":61,"column":8},"end":{"line":63,"column":null}},"12":{"start":{"line":64,"column":8},"end":{"line":64,"column":null}},"13":{"start":{"line":66,"column":8},"end":{"line":68,"column":null}},"14":{"start":{"line":69,"column":8},"end":{"line":69,"column":null}}},"fnMap":{"0":{"name":"(anonymous_0)","decl":{"start":{"line":17,"column":2},"end":{"line":17,"column":14}},"loc":{"start":{"line":25,"column":5},"end":{"line":29,"column":null}}},"1":{"name":"(anonymous_1)","decl":{"start":{"line":31,"column":9},"end":{"line":31,"column":26}},"loc":{"start":{"line":31,"column":26},"end":{"line":33,"column":null}}},"2":{"name":"(anonymous_2)","decl":{"start":{"line":35,"column":26},"end":{"line":35,"column":null}},"loc":{"start":{"line":44,"column":13},"end":{"line":71,"column":null}}}},"branchMap":{"0":{"loc":{"start":{"line":47,"column":4},"end":{"line":70,"column":null}},"type":"switch","locations":[{"start":{"line":48,"column":6},"end":{"line":54,"column":null}},{"start":{"line":55,"column":6},"end":{"line":59,"column":null}},{"start":{"line":60,"column":6},"end":{"line":64,"column":null}},{"start":{"line":65,"column":6},"end":{"line":69,"column":null}}]}},"s":{"0":5,"1":5,"2":5,"3":5,"4":5,"5":10,"6":10,"7":7,"8":7,"9":1,"10":1,"11":1,"12":1,"13":1,"14":1},"f":{"0":5,"1":5,"2":10},"b":{"0":[7,1,1,1]}}
,"/Users/himanshubhardwaz/SaaSLabs/justcall-sdk/src/template/dialer-iframe.ts": {"path":"/Users/himanshubhardwaz/SaaSLabs/justcall-sdk/src/template/dialer-iframe.ts","statementMap":{"0":{"start":{"line":5,"column":24},"end":{"line":5,"column":null}},"1":{"start":{"line":7,"column":2},"end":{"line":7,"column":null}},"2":{"start":{"line":8,"column":2},"end":{"line":8,"column":null}},"3":{"start":{"line":9,"column":2},"end":{"line":9,"column":null}},"4":{"start":{"line":10,"column":2},"end":{"line":10,"column":null}},"5":{"start":{"line":12,"column":2},"end":{"line":12,"column":null}}},"fnMap":{"0":{"name":"getJustcallDialerIframe","decl":{"start":{"line":4,"column":24},"end":{"line":4,"column":48}},"loc":{"start":{"line":4,"column":68},"end":{"line":13,"column":null}}}},"branchMap":{},"s":{"0":5,"1":5,"2":5,"3":5,"4":5,"5":5},"f":{"0":5},"b":{}}
,"/Users/himanshubhardwaz/SaaSLabs/justcall-sdk/src/utils/contants.ts": {"path":"/Users/himanshubhardwaz/SaaSLabs/justcall-sdk/src/utils/contants.ts","statementMap":{"0":{"start":{"line":1,"column":45},"end":{"line":1,"column":null}},"1":{"start":{"line":2,"column":45},"end":{"line":2,"column":null}},"2":{"start":{"line":4,"column":2},"end":{"line":4,"column":null}},"3":{"start":{"line":6,"column":2},"end":{"line":6,"column":null}},"4":{"start":{"line":8,"column":36},"end":{"line":12,"column":null}},"5":{"start":{"line":14,"column":27},"end":{"line":17,"column":null}},"6":{"start":{"line":19,"column":30},"end":{"line":19,"column":null}}},"fnMap":{},"branchMap":{},"s":{"0":2,"1":2,"2":2,"3":2,"4":2,"5":2,"6":2},"f":{},"b":{}}
}
